-------------------------------------------------------------------------------
Test set: tn.esprit.spring.ConsomiTounsiApplicationTests
-------------------------------------------------------------------------------
Tests run: 1, Failures: 0, Errors: 1, Skipped: 0, Time elapsed: 4.769 s <<< FAILURE! - in tn.esprit.spring.ConsomiTounsiApplicationTests
contextLoads  Time elapsed: 0.017 s  <<< ERROR!
java.lang.IllegalStateException: Failed to load ApplicationContext
Caused by: org.springframework.beans.factory.BeanCreationException: Error creating bean with name 'entityManagerFactory' defined in class path resource [org/springframework/boot/autoconfigure/orm/jpa/HibernateJpaConfiguration.class]: Invocation of init method failed; nested exception is org.hibernate.AnnotationException: mappedBy reference an unknown target entity property: tn.esprit.spring.entity.Produit.ray in tn.esprit.spring.entity.Ray.produit
Caused by: org.hibernate.AnnotationException: mappedBy reference an unknown target entity property: tn.esprit.spring.entity.Produit.ray in tn.esprit.spring.entity.Ray.produit

